

Started GET "/showinputfields" for 127.0.0.1 at 2015-10-16 14:40:58 +0300
Processing by AdditionController#showinputfields as HTML
  Rendered addition/showinputfields.html.erb (20.3ms)
Completed 200 OK in 52ms (Views: 51.8ms | ActiveRecord: 0.0ms)


Started POST "/performaddition" for 127.0.0.1 at 2015-10-16 14:41:12 +0300
Processing by AdditionController#performaddition as HTML
  Parameters: {"authenticity_token"=>"yZSUCxepJpABfroaf8vDbpI7qnISSTul9zol/vOu4IW1MMHtKA1V/4xna33exhl7uEaYNVqiMazJa+wOUH7o6Q==", "firstvalue"=>"1", "secondvalue"=>"1"}
Redirected to http://localhost:3000/displayresult
Completed 302 Found in 2ms (ActiveRecord: 0.0ms)


Started GET "/displayresult" for 127.0.0.1 at 2015-10-16 14:41:12 +0300
Processing by AdditionController#displayresult as HTML
  Rendered addition/displayresult.html.erb (0.5ms)
Completed 200 OK in 3ms (Views: 2.3ms | ActiveRecord: 0.0ms)


Started GET "/showinputfields" for 127.0.0.1 at 2015-10-16 14:41:15 +0300
Processing by AdditionController#showinputfields as HTML
  Rendered addition/showinputfields.html.erb (0.6ms)
Completed 200 OK in 4ms (Views: 3.4ms | ActiveRecord: 0.0ms)


Started GET "/showinputfields" for 127.0.0.1 at 2015-10-16 14:46:39 +0300

ActionController::RoutingError (uninitialized constant ApplicationController):
  app/controllers/addition_controller.rb:1:in `<top (required)>'


  Rendered /home/dserban/.rvm/gems/ruby-2.2.1/gems/actionpack-4.2.4/lib/action_dispatch/middleware/templates/rescues/_trace.html.erb (2.8ms)
  Rendered /home/dserban/.rvm/gems/ruby-2.2.1/gems/actionpack-4.2.4/lib/action_dispatch/middleware/templates/routes/_route.html.erb (1.1ms)
  Rendered /home/dserban/.rvm/gems/ruby-2.2.1/gems/actionpack-4.2.4/lib/action_dispatch/middleware/templates/routes/_table.html.erb (19.9ms)
  Rendered /home/dserban/.rvm/gems/ruby-2.2.1/gems/actionpack-4.2.4/lib/action_dispatch/middleware/templates/rescues/_request_and_response.html.erb (12.7ms)
  Rendered /home/dserban/.rvm/gems/ruby-2.2.1/gems/actionpack-4.2.4/lib/action_dispatch/middleware/templates/rescues/routing_error.html.erb within rescues/layout (89.4ms)


Started GET "/showinputfields" for 127.0.0.1 at 2015-10-16 14:50:38 +0300
Processing by AdditionController#showinputfields as HTML
  Rendered addition/showinputfields.html.erb (1.3ms)
Completed 200 OK in 7ms (Views: 7.1ms | ActiveRecord: 0.0ms)


Started POST "/performaddition" for 127.0.0.1 at 2015-10-16 14:50:45 +0300
Processing by AdditionController#performaddition as HTML
  Parameters: {"firstnumber"=>"1", "secondnumber"=>"1"}
Redirected to http://localhost:3000/displayresult
Completed 302 Found in 1ms (ActiveRecord: 0.0ms)


Started GET "/displayresult" for 127.0.0.1 at 2015-10-16 14:50:45 +0300
Processing by AdditionController#displayresult as HTML
  Rendered addition/displayresult.html.erb (0.5ms)
Completed 200 OK in 2ms (Views: 2.3ms | ActiveRecord: 0.0ms)


Started GET "/showinputfields" for 127.0.0.1 at 2015-10-16 14:53:30 +0300
Processing by AdditionController#showinputfields as HTML
  Rendered addition/showinputfields.html.erb (0.0ms)
Completed 200 OK in 2ms (Views: 1.8ms | ActiveRecord: 0.0ms)


Started POST "/performaddition" for 127.0.0.1 at 2015-10-16 14:53:38 +0300
Processing by AdditionController#performaddition as HTML
  Parameters: {"firstnumber"=>"1", "secondnumber"=>"1"}
Redirected to http://localhost:3000/displayresult
Completed 302 Found in 1ms (ActiveRecord: 0.0ms)


Started GET "/displayresult" for 127.0.0.1 at 2015-10-16 14:53:38 +0300
Processing by AdditionController#displayresult as HTML
  Rendered addition/displayresult.html.erb (0.1ms)
Completed 200 OK in 2ms (Views: 1.7ms | ActiveRecord: 0.0ms)


Started GET "/showinputfields" for 127.0.0.1 at 2015-10-16 14:53:42 +0300
Processing by AdditionController#showinputfields as HTML
  Rendered addition/showinputfields.html.erb (0.1ms)
Completed 200 OK in 2ms (Views: 1.7ms | ActiveRecord: 0.0ms)


Started POST "/performaddition" for 127.0.0.1 at 2015-10-16 14:53:52 +0300
Processing by AdditionController#performaddition as HTML
  Parameters: {"firstnumber"=>"a", "secondnumber"=>"b"}
Redirected to http://localhost:3000/displayresult
Completed 302 Found in 1ms (ActiveRecord: 0.0ms)


Started GET "/displayresult" for 127.0.0.1 at 2015-10-16 14:53:52 +0300
Processing by AdditionController#displayresult as HTML
  Rendered addition/displayresult.html.erb (0.1ms)
Completed 200 OK in 2ms (Views: 1.6ms | ActiveRecord: 0.0ms)


Started GET "/showinputfields" for 127.0.0.1 at 2015-10-16 14:53:56 +0300
Processing by AdditionController#showinputfields as HTML
  Rendered addition/showinputfields.html.erb (0.1ms)
Completed 200 OK in 2ms (Views: 2.0ms | ActiveRecord: 0.0ms)
